2023-02-10 12:18:51.218  WARN U test                     main        o.t.u.TestcontainersConfiguration : Attempted to read Testcontainers configuration file at file:/C:/Users/fly/.testcontainers.properties but the file was not found. Exception message: FileNotFoundException: C:\Users\fly\.testcontainers.properties (系统找不到指定的文件。)
2023-02-10 12:18:51.224  INFO U test                     main               o.t.u.ImageNameSubstitutor : Image name substitution will be performed by: DefaultImageNameSubstitutor (composite of 'ConfigurationFileImageNameSubstitutor' and 'PrefixingImageNameSubstitutor')
2023-02-10 12:21:01.282  WARN U test                     main        o.t.u.TestcontainersConfiguration : Attempted to read Testcontainers configuration file at file:/C:/Users/fly/.testcontainers.properties but the file was not found. Exception message: FileNotFoundException: C:\Users\fly\.testcontainers.properties (系统找不到指定的文件。)
2023-02-10 12:21:01.288  INFO U test                     main               o.t.u.ImageNameSubstitutor : Image name substitution will be performed by: DefaultImageNameSubstitutor (composite of 'ConfigurationFileImageNameSubstitutor' and 'PrefixingImageNameSubstitutor')
